Android/MyApp/app/build/intermediates/manifest_merge_blame_file/debug/processDebugMainManifest/manifest-merger-blame-debug-report.txt
1<?xml version="1.0" encoding="utf-8"?>
2<manifest xmlns:android="http://schemas.android.com/apk/res/android"
3    package="com.mycompany.myapp"
4    android:versionCode="1"
5    android:versionName="1.0" >
6
7    <uses-sdk
8        android:minSdkVersion="21"
9        android:targetSdkVersion="34" />
10
11    <application
11-->src/main/AndroidManifest.xml:5:5-20:19
12        android:allowBackup="true"
12-->src/main/AndroidManifest.xml:6:9-35
13        android:debuggable="true"
14        android:extractNativeLibs="true"
15        android:icon="@drawable/ic_launcher"
15-->src/main/AndroidManifest.xml:7:9-45
16        android:label="@string/app_name"
16-->src/main/AndroidManifest.xml:8:9-41
17        android:resizeableActivity="true"
17-->src/main/AndroidManifest.xml:10:3-38
18        android:theme="@style/AppTheme" >
18-->src/main/AndroidManifest.xml:9:9-40
19        <activity
19-->src/main/AndroidManifest.xml:11:9-19:20
20            android:name="com.mycompany.myapp.MainActivity"
20-->src/main/AndroidManifest.xml:12:3-31
21            android:exported="true"
21-->src/main/AndroidManifest.xml:12:52-75
22            android:label="@string/app_name" >
22-->src/main/AndroidManifest.xml:13:13-45
23            <intent-filter>
23-->src/main/AndroidManifest.xml:14:13-18:29
24                <action android:name="android.intent.action.MAIN" />
24-->src/main/AndroidManifest.xml:15:17-69
24-->src/main/AndroidManifest.xml:15:25-66
25
26                <category android:name="android.intent.category.LAUNCHER" />
26-->src/main/AndroidManifest.xml:17:17-77
26-->src/main/AndroidManifest.xml:17:27-74
27            </intent-filter>
28        </activity>
29    </application>
30
31</manifest>